Build started 2016/02/01 11:54:44 AM.
     1>Project "D:\HJWasm\HJWasm2.13.1s\HJWasm2.13.1s\HJWasm.vcxproj" on node 2 (Rebuild target(s)).
     1>ClCompile:
         D:\vs2015\VC\bin\x86_amd64\CL.exe /c /I.\\H /nologo /W2 /WX- /Ox /Ot /D WIN64 /D NDEBUG /D _UNICODE /D UNICODE /Gm- /MT /Zp8 /GS- /fp:precise /Zc:wchar_t /Zc:forScope /Zc:inline /FAs /Fa"x64\Release\\" /Fo"x64\Release\\" /Fd"x64\Release\vc140.pdb" /Gd /TC /errorReport:prompt apiemu.c assemble.c assume.c atofloat.c backptch.c bin.c branch.c cmdline.c codegen.c coff.c condasm.c context.c cpumodel.c data.c dbgcv.c directiv.c elf.c end.c equate.c errmsg.c expans.c expreval.c extern.c fastpass.c fixup.c fpfixup.c hll.c input.c invoke.c label.c linnum.c listing.c loop.c lqueue.c macro.c main.c mangle.c memalloc.c msgtext.c omf.c omffixup.c omfint.c option.c parser.c posndir.c preproc.c proc.c queue.c reswords.c safeseh.c segment.c simsegm.c string.c symbols.c tbyte.c tokenize.c trmem.c types.c
         apiemu.c
         assemble.c
         assume.c
         atofloat.c
         backptch.c
         bin.c
     1>bin.c(229): warning C4146: unary minus operator applied to unsigned type, result still unsigned
         branch.c
         cmdline.c
         codegen.c
         coff.c
         condasm.c
         context.c
         cpumodel.c
         data.c
         dbgcv.c
         directiv.c
         elf.c
         end.c
         equate.c
         errmsg.c
         Generating Code...
         Compiling...
         expans.c
         expreval.c
     1>expreval.c(2432): warning C4146: unary minus operator applied to unsigned type, result still unsigned
     1>expreval.c(2438): warning C4146: unary minus operator applied to unsigned type, result still unsigned
         extern.c
         fastpass.c
         fixup.c
         fpfixup.c
         hll.c
         input.c
         invoke.c
         label.c
         linnum.c
         listing.c
         loop.c
         lqueue.c
         macro.c
         main.c
         mangle.c
         memalloc.c
         msgtext.c
         omf.c
         Generating Code...
         Compiling...
         omffixup.c
         omfint.c
         option.c
         parser.c
         posndir.c
         preproc.c
         proc.c
     1>proc.c(2570): warning C4146: unary minus operator applied to unsigned type, result still unsigned
     1>proc.c(2716): warning C4146: unary minus operator applied to unsigned type, result still unsigned
         queue.c
         reswords.c
         safeseh.c
         segment.c
         simsegm.c
         string.c
         symbols.c
         tbyte.c
         tokenize.c
         trmem.c
     1>trmem.c(187): warning C4311: 'type cast': pointer truncation from '_trmem_who' to 'uint_32'
     1>trmem.c(219): warning C4311: 'type cast': pointer truncation from '_trmem_who' to 'uint_32'
     1>trmem.c(233): warning C4311: 'type cast': pointer truncation from 'void *' to 'uint_32'
     1>trmem.c(776): warning C4028: formal parameter 3 different from declaration
         types.c
     1>types.c(442): warning C4146: unary minus operator applied to unsigned type, result still unsigned
     1>types.c(694): warning C4146: unary minus operator applied to unsigned type, result still unsigned
         Generating Code...
       Link:
         D:\vs2015\VC\bin\x86_amd64\link.exe /ERRORREPORT:PROMPT /OUT:"D:\HJWasm\HJWasm2.13.1s\HJWasm2.13.1s\x64\Release\HJWasm.exe" /INCREMENTAL:NO /MANIFEST /MANIFESTUAC:"level='asInvoker' uiAccess='false'" /manifest:embed /PDB:"D:\HJWasm\HJWasm2.13.1s\HJWasm2.13.1s\x64\Release\HJWasm.pdb" /SUBSYSTEM:CONSOLE /HEAP:"2000000","1800000" /TLBID:1 /DYNAMICBASE /NXCOMPAT /IMPLIB:"D:\HJWasm\HJWasm2.13.1s\HJWasm2.13.1s\x64\Release\HJWasm.lib" /MACHINE:X64 x64\Release\apiemu.obj
         x64\Release\assemble.obj
         x64\Release\assume.obj
         x64\Release\atofloat.obj
         x64\Release\backptch.obj
         x64\Release\bin.obj
         x64\Release\branch.obj
         x64\Release\cmdline.obj
         x64\Release\codegen.obj
         x64\Release\coff.obj
         x64\Release\condasm.obj
         x64\Release\context.obj
         x64\Release\cpumodel.obj
         x64\Release\data.obj
         x64\Release\dbgcv.obj
         x64\Release\directiv.obj
         x64\Release\elf.obj
         x64\Release\end.obj
         x64\Release\equate.obj
         x64\Release\errmsg.obj
         x64\Release\expans.obj
         x64\Release\expreval.obj
         x64\Release\extern.obj
         x64\Release\fastpass.obj
         x64\Release\fixup.obj
         x64\Release\fpfixup.obj
         x64\Release\hll.obj
         x64\Release\input.obj
         x64\Release\invoke.obj
         x64\Release\label.obj
         x64\Release\linnum.obj
         x64\Release\listing.obj
         x64\Release\loop.obj
         x64\Release\lqueue.obj
         x64\Release\macro.obj
         x64\Release\main.obj
         x64\Release\mangle.obj
         x64\Release\memalloc.obj
         x64\Release\msgtext.obj
         x64\Release\omf.obj
         x64\Release\omffixup.obj
         x64\Release\omfint.obj
         x64\Release\option.obj
         x64\Release\parser.obj
         x64\Release\posndir.obj
         x64\Release\preproc.obj
         x64\Release\proc.obj
         x64\Release\queue.obj
         x64\Release\reswords.obj
         x64\Release\safeseh.obj
         x64\Release\segment.obj
         x64\Release\simsegm.obj
         x64\Release\string.obj
         x64\Release\symbols.obj
         x64\Release\tbyte.obj
         x64\Release\tokenize.obj
         x64\Release\trmem.obj
         x64\Release\types.obj
         Microsoft (R) Incremental Linker Version 14.00.23026.0
         Copyright (C) Microsoft Corporation.  All rights reserved.
         
         "/OUT:D:\HJWasm\HJWasm2.13.1s\HJWasm2.13.1s\x64\Release\HJWasm.exe" /INCREMENTAL:NO /MANIFEST "/MANIFESTUAC:level='asInvoker' uiAccess='false'" /manifest:embed "/PDB:D:\HJWasm\HJWasm2.13.1s\HJWasm2.13.1s\x64\Release\HJWasm.pdb" /SUBSYSTEM:CONSOLE "/HEAP:2000000,1800000" /TLBID:1 /DYNAMICBASE /NXCOMPAT "/IMPLIB:D:\HJWasm\HJWasm2.13.1s\HJWasm2.13.1s\x64\Release\HJWasm.lib" /MACHINE:X64 x64\Release\apiemu.obj 
         x64\Release\assemble.obj 
         x64\Release\assume.obj 
         x64\Release\atofloat.obj 
         x64\Release\backptch.obj 
         x64\Release\bin.obj 
         x64\Release\branch.obj 
         x64\Release\cmdline.obj 
         x64\Release\codegen.obj 
         x64\Release\coff.obj 
         x64\Release\condasm.obj 
         x64\Release\context.obj 
         x64\Release\cpumodel.obj 
         x64\Release\data.obj 
         x64\Release\dbgcv.obj 
         x64\Release\directiv.obj 
         x64\Release\elf.obj 
         x64\Release\end.obj 
         x64\Release\equate.obj 
         x64\Release\errmsg.obj 
         x64\Release\expans.obj 
         x64\Release\expreval.obj 
         x64\Release\extern.obj 
         x64\Release\fastpass.obj 
         x64\Release\fixup.obj 
         x64\Release\fpfixup.obj 
         x64\Release\hll.obj 
         x64\Release\input.obj 
         x64\Release\invoke.obj 
         x64\Release\label.obj 
         x64\Release\linnum.obj 
         x64\Release\listing.obj 
         x64\Release\loop.obj 
         x64\Release\lqueue.obj 
         x64\Release\macro.obj 
         x64\Release\main.obj 
         x64\Release\mangle.obj 
         x64\Release\memalloc.obj 
         x64\Release\msgtext.obj 
         x64\Release\omf.obj 
         x64\Release\omffixup.obj 
         x64\Release\omfint.obj 
         x64\Release\option.obj 
         x64\Release\parser.obj 
         x64\Release\posndir.obj 
         x64\Release\preproc.obj 
         x64\Release\proc.obj 
         x64\Release\queue.obj 
         x64\Release\reswords.obj 
         x64\Release\safeseh.obj 
         x64\Release\segment.obj 
         x64\Release\simsegm.obj 
         x64\Release\string.obj 
         x64\Release\symbols.obj 
         x64\Release\tbyte.obj 
         x64\Release\tokenize.obj 
         x64\Release\trmem.obj 
         x64\Release\types.obj 
         HJWasm.vcxproj -> D:\HJWasm\HJWasm2.13.1s\HJWasm2.13.1s\x64\Release\HJWasm.exe
     1>Done Building Project "D:\HJWasm\HJWasm2.13.1s\HJWasm2.13.1s\HJWasm.vcxproj" (Rebuild target(s)).

Build succeeded.

Time Elapsed 00:00:05.50
