d:\hjwasm\hjwasm2.13.1s\hjwasm2.13.1s\x64\release\errmsg.obj
d:\hjwasm\hjwasm2.13.1s\hjwasm2.13.1s\x64\release\errmsg.asm
d:\hjwasm\hjwasm2.13.1s\hjwasm2.13.1s\x64\release\equate.obj
d:\hjwasm\hjwasm2.13.1s\hjwasm2.13.1s\x64\release\equate.asm
d:\hjwasm\hjwasm2.13.1s\hjwasm2.13.1s\x64\release\end.obj
d:\hjwasm\hjwasm2.13.1s\hjwasm2.13.1s\x64\release\end.asm
d:\hjwasm\hjwasm2.13.1s\hjwasm2.13.1s\x64\release\elf.obj
d:\hjwasm\hjwasm2.13.1s\hjwasm2.13.1s\x64\release\elf.asm
d:\hjwasm\hjwasm2.13.1s\hjwasm2.13.1s\x64\release\directiv.obj
d:\hjwasm\hjwasm2.13.1s\hjwasm2.13.1s\x64\release\directiv.asm
d:\hjwasm\hjwasm2.13.1s\hjwasm2.13.1s\x64\release\dbgcv.obj
d:\hjwasm\hjwasm2.13.1s\hjwasm2.13.1s\x64\release\dbgcv.asm
d:\hjwasm\hjwasm2.13.1s\hjwasm2.13.1s\x64\release\data.obj
d:\hjwasm\hjwasm2.13.1s\hjwasm2.13.1s\x64\release\data.asm
d:\hjwasm\hjwasm2.13.1s\hjwasm2.13.1s\x64\release\cpumodel.obj
d:\hjwasm\hjwasm2.13.1s\hjwasm2.13.1s\x64\release\cpumodel.asm
d:\hjwasm\hjwasm2.13.1s\hjwasm2.13.1s\x64\release\context.obj
d:\hjwasm\hjwasm2.13.1s\hjwasm2.13.1s\x64\release\context.asm
d:\hjwasm\hjwasm2.13.1s\hjwasm2.13.1s\x64\release\condasm.obj
d:\hjwasm\hjwasm2.13.1s\hjwasm2.13.1s\x64\release\condasm.asm
d:\hjwasm\hjwasm2.13.1s\hjwasm2.13.1s\x64\release\coff.obj
d:\hjwasm\hjwasm2.13.1s\hjwasm2.13.1s\x64\release\coff.asm
d:\hjwasm\hjwasm2.13.1s\hjwasm2.13.1s\x64\release\codegen.obj
d:\hjwasm\hjwasm2.13.1s\hjwasm2.13.1s\x64\release\codegen.asm
d:\hjwasm\hjwasm2.13.1s\hjwasm2.13.1s\x64\release\cmdline.obj
d:\hjwasm\hjwasm2.13.1s\hjwasm2.13.1s\x64\release\cmdline.asm
d:\hjwasm\hjwasm2.13.1s\hjwasm2.13.1s\x64\release\branch.obj
d:\hjwasm\hjwasm2.13.1s\hjwasm2.13.1s\x64\release\branch.asm
d:\hjwasm\hjwasm2.13.1s\hjwasm2.13.1s\x64\release\bin.obj
d:\hjwasm\hjwasm2.13.1s\hjwasm2.13.1s\x64\release\bin.asm
d:\hjwasm\hjwasm2.13.1s\hjwasm2.13.1s\x64\release\backptch.obj
d:\hjwasm\hjwasm2.13.1s\hjwasm2.13.1s\x64\release\backptch.asm
d:\hjwasm\hjwasm2.13.1s\hjwasm2.13.1s\x64\release\atofloat.obj
d:\hjwasm\hjwasm2.13.1s\hjwasm2.13.1s\x64\release\atofloat.asm
d:\hjwasm\hjwasm2.13.1s\hjwasm2.13.1s\x64\release\assume.obj
d:\hjwasm\hjwasm2.13.1s\hjwasm2.13.1s\x64\release\assume.asm
d:\hjwasm\hjwasm2.13.1s\hjwasm2.13.1s\x64\release\assemble.obj
d:\hjwasm\hjwasm2.13.1s\hjwasm2.13.1s\x64\release\assemble.asm
d:\hjwasm\hjwasm2.13.1s\hjwasm2.13.1s\x64\release\apiemu.obj
d:\hjwasm\hjwasm2.13.1s\hjwasm2.13.1s\x64\release\apiemu.asm
d:\hjwasm\hjwasm2.13.1s\hjwasm2.13.1s\x64\release\omf.obj
d:\hjwasm\hjwasm2.13.1s\hjwasm2.13.1s\x64\release\omf.asm
d:\hjwasm\hjwasm2.13.1s\hjwasm2.13.1s\x64\release\msgtext.obj
d:\hjwasm\hjwasm2.13.1s\hjwasm2.13.1s\x64\release\msgtext.asm
d:\hjwasm\hjwasm2.13.1s\hjwasm2.13.1s\x64\release\memalloc.obj
d:\hjwasm\hjwasm2.13.1s\hjwasm2.13.1s\x64\release\memalloc.asm
d:\hjwasm\hjwasm2.13.1s\hjwasm2.13.1s\x64\release\mangle.obj
d:\hjwasm\hjwasm2.13.1s\hjwasm2.13.1s\x64\release\mangle.asm
d:\hjwasm\hjwasm2.13.1s\hjwasm2.13.1s\x64\release\main.obj
d:\hjwasm\hjwasm2.13.1s\hjwasm2.13.1s\x64\release\main.asm
d:\hjwasm\hjwasm2.13.1s\hjwasm2.13.1s\x64\release\macro.obj
d:\hjwasm\hjwasm2.13.1s\hjwasm2.13.1s\x64\release\macro.asm
d:\hjwasm\hjwasm2.13.1s\hjwasm2.13.1s\x64\release\lqueue.obj
d:\hjwasm\hjwasm2.13.1s\hjwasm2.13.1s\x64\release\lqueue.asm
d:\hjwasm\hjwasm2.13.1s\hjwasm2.13.1s\x64\release\loop.obj
d:\hjwasm\hjwasm2.13.1s\hjwasm2.13.1s\x64\release\loop.asm
d:\hjwasm\hjwasm2.13.1s\hjwasm2.13.1s\x64\release\listing.obj
d:\hjwasm\hjwasm2.13.1s\hjwasm2.13.1s\x64\release\listing.asm
d:\hjwasm\hjwasm2.13.1s\hjwasm2.13.1s\x64\release\linnum.obj
d:\hjwasm\hjwasm2.13.1s\hjwasm2.13.1s\x64\release\linnum.asm
d:\hjwasm\hjwasm2.13.1s\hjwasm2.13.1s\x64\release\label.obj
d:\hjwasm\hjwasm2.13.1s\hjwasm2.13.1s\x64\release\label.asm
d:\hjwasm\hjwasm2.13.1s\hjwasm2.13.1s\x64\release\invoke.obj
d:\hjwasm\hjwasm2.13.1s\hjwasm2.13.1s\x64\release\invoke.asm
d:\hjwasm\hjwasm2.13.1s\hjwasm2.13.1s\x64\release\input.obj
d:\hjwasm\hjwasm2.13.1s\hjwasm2.13.1s\x64\release\input.asm
d:\hjwasm\hjwasm2.13.1s\hjwasm2.13.1s\x64\release\hll.obj
d:\hjwasm\hjwasm2.13.1s\hjwasm2.13.1s\x64\release\hll.asm
d:\hjwasm\hjwasm2.13.1s\hjwasm2.13.1s\x64\release\fpfixup.obj
d:\hjwasm\hjwasm2.13.1s\hjwasm2.13.1s\x64\release\fpfixup.asm
d:\hjwasm\hjwasm2.13.1s\hjwasm2.13.1s\x64\release\fixup.obj
d:\hjwasm\hjwasm2.13.1s\hjwasm2.13.1s\x64\release\fixup.asm
d:\hjwasm\hjwasm2.13.1s\hjwasm2.13.1s\x64\release\fastpass.obj
d:\hjwasm\hjwasm2.13.1s\hjwasm2.13.1s\x64\release\fastpass.asm
d:\hjwasm\hjwasm2.13.1s\hjwasm2.13.1s\x64\release\extern.obj
d:\hjwasm\hjwasm2.13.1s\hjwasm2.13.1s\x64\release\extern.asm
d:\hjwasm\hjwasm2.13.1s\hjwasm2.13.1s\x64\release\expreval.obj
d:\hjwasm\hjwasm2.13.1s\hjwasm2.13.1s\x64\release\expreval.asm
d:\hjwasm\hjwasm2.13.1s\hjwasm2.13.1s\x64\release\expans.obj
d:\hjwasm\hjwasm2.13.1s\hjwasm2.13.1s\x64\release\expans.asm
d:\hjwasm\hjwasm2.13.1s\hjwasm2.13.1s\x64\release\types.obj
d:\hjwasm\hjwasm2.13.1s\hjwasm2.13.1s\x64\release\types.asm
d:\hjwasm\hjwasm2.13.1s\hjwasm2.13.1s\x64\release\trmem.obj
d:\hjwasm\hjwasm2.13.1s\hjwasm2.13.1s\x64\release\trmem.asm
d:\hjwasm\hjwasm2.13.1s\hjwasm2.13.1s\x64\release\tokenize.obj
d:\hjwasm\hjwasm2.13.1s\hjwasm2.13.1s\x64\release\tokenize.asm
d:\hjwasm\hjwasm2.13.1s\hjwasm2.13.1s\x64\release\tbyte.obj
d:\hjwasm\hjwasm2.13.1s\hjwasm2.13.1s\x64\release\tbyte.asm
d:\hjwasm\hjwasm2.13.1s\hjwasm2.13.1s\x64\release\symbols.obj
d:\hjwasm\hjwasm2.13.1s\hjwasm2.13.1s\x64\release\symbols.asm
d:\hjwasm\hjwasm2.13.1s\hjwasm2.13.1s\x64\release\string.obj
d:\hjwasm\hjwasm2.13.1s\hjwasm2.13.1s\x64\release\string.asm
d:\hjwasm\hjwasm2.13.1s\hjwasm2.13.1s\x64\release\simsegm.obj
d:\hjwasm\hjwasm2.13.1s\hjwasm2.13.1s\x64\release\simsegm.asm
d:\hjwasm\hjwasm2.13.1s\hjwasm2.13.1s\x64\release\segment.obj
d:\hjwasm\hjwasm2.13.1s\hjwasm2.13.1s\x64\release\segment.asm
d:\hjwasm\hjwasm2.13.1s\hjwasm2.13.1s\x64\release\safeseh.obj
d:\hjwasm\hjwasm2.13.1s\hjwasm2.13.1s\x64\release\safeseh.asm
d:\hjwasm\hjwasm2.13.1s\hjwasm2.13.1s\x64\release\reswords.obj
d:\hjwasm\hjwasm2.13.1s\hjwasm2.13.1s\x64\release\reswords.asm
d:\hjwasm\hjwasm2.13.1s\hjwasm2.13.1s\x64\release\queue.obj
d:\hjwasm\hjwasm2.13.1s\hjwasm2.13.1s\x64\release\queue.asm
d:\hjwasm\hjwasm2.13.1s\hjwasm2.13.1s\x64\release\proc.obj
d:\hjwasm\hjwasm2.13.1s\hjwasm2.13.1s\x64\release\proc.asm
d:\hjwasm\hjwasm2.13.1s\hjwasm2.13.1s\x64\release\preproc.obj
d:\hjwasm\hjwasm2.13.1s\hjwasm2.13.1s\x64\release\preproc.asm
d:\hjwasm\hjwasm2.13.1s\hjwasm2.13.1s\x64\release\posndir.obj
d:\hjwasm\hjwasm2.13.1s\hjwasm2.13.1s\x64\release\posndir.asm
d:\hjwasm\hjwasm2.13.1s\hjwasm2.13.1s\x64\release\parser.obj
d:\hjwasm\hjwasm2.13.1s\hjwasm2.13.1s\x64\release\parser.asm
d:\hjwasm\hjwasm2.13.1s\hjwasm2.13.1s\x64\release\option.obj
d:\hjwasm\hjwasm2.13.1s\hjwasm2.13.1s\x64\release\option.asm
d:\hjwasm\hjwasm2.13.1s\hjwasm2.13.1s\x64\release\omfint.obj
d:\hjwasm\hjwasm2.13.1s\hjwasm2.13.1s\x64\release\omfint.asm
d:\hjwasm\hjwasm2.13.1s\hjwasm2.13.1s\x64\release\omffixup.obj
d:\hjwasm\hjwasm2.13.1s\hjwasm2.13.1s\x64\release\omffixup.asm
d:\hjwasm\hjwasm2.13.1s\hjwasm2.13.1s\x64\release\hjwasm.exe
d:\hjwasm\hjwasm2.13.1s\hjwasm2.13.1s\x64\release\hjwasm.tlog\cl.command.1.tlog
d:\hjwasm\hjwasm2.13.1s\hjwasm2.13.1s\x64\release\hjwasm.tlog\cl.read.1.tlog
d:\hjwasm\hjwasm2.13.1s\hjwasm2.13.1s\x64\release\hjwasm.tlog\cl.write.1.tlog
d:\hjwasm\hjwasm2.13.1s\hjwasm2.13.1s\x64\release\hjwasm.tlog\link.command.1.tlog
d:\hjwasm\hjwasm2.13.1s\hjwasm2.13.1s\x64\release\hjwasm.tlog\link.read.1.tlog
d:\hjwasm\hjwasm2.13.1s\hjwasm2.13.1s\x64\release\hjwasm.tlog\link.write.1.tlog
