d:\hjwasm\hjwasm2.13.1s\hjwasm2.13.1s\x64\debug\vc140.pdb
d:\hjwasm\hjwasm2.13.1s\hjwasm2.13.1s\x64\debug\vc140.idb
d:\hjwasm\hjwasm2.13.1s\hjwasm2.13.1s\x64\debug\msgtext.obj
d:\hjwasm\hjwasm2.13.1s\hjwasm2.13.1s\x64\debug\msgtext.asm
d:\hjwasm\hjwasm2.13.1s\hjwasm2.13.1s\x64\debug\omf.obj
d:\hjwasm\hjwasm2.13.1s\hjwasm2.13.1s\x64\debug\omf.asm
d:\hjwasm\hjwasm2.13.1s\hjwasm2.13.1s\x64\debug\omffixup.obj
d:\hjwasm\hjwasm2.13.1s\hjwasm2.13.1s\x64\debug\omffixup.asm
d:\hjwasm\hjwasm2.13.1s\hjwasm2.13.1s\x64\debug\omfint.obj
d:\hjwasm\hjwasm2.13.1s\hjwasm2.13.1s\x64\debug\omfint.asm
d:\hjwasm\hjwasm2.13.1s\hjwasm2.13.1s\x64\debug\option.obj
d:\hjwasm\hjwasm2.13.1s\hjwasm2.13.1s\x64\debug\option.asm
d:\hjwasm\hjwasm2.13.1s\hjwasm2.13.1s\x64\debug\parser.obj
d:\hjwasm\hjwasm2.13.1s\hjwasm2.13.1s\x64\debug\parser.asm
d:\hjwasm\hjwasm2.13.1s\hjwasm2.13.1s\x64\debug\posndir.obj
d:\hjwasm\hjwasm2.13.1s\hjwasm2.13.1s\x64\debug\posndir.asm
d:\hjwasm\hjwasm2.13.1s\hjwasm2.13.1s\x64\debug\preproc.obj
d:\hjwasm\hjwasm2.13.1s\hjwasm2.13.1s\x64\debug\preproc.asm
d:\hjwasm\hjwasm2.13.1s\hjwasm2.13.1s\x64\debug\proc.obj
d:\hjwasm\hjwasm2.13.1s\hjwasm2.13.1s\x64\debug\proc.asm
d:\hjwasm\hjwasm2.13.1s\hjwasm2.13.1s\x64\debug\queue.obj
d:\hjwasm\hjwasm2.13.1s\hjwasm2.13.1s\x64\debug\queue.asm
d:\hjwasm\hjwasm2.13.1s\hjwasm2.13.1s\x64\debug\reswords.obj
d:\hjwasm\hjwasm2.13.1s\hjwasm2.13.1s\x64\debug\reswords.asm
d:\hjwasm\hjwasm2.13.1s\hjwasm2.13.1s\x64\debug\safeseh.obj
d:\hjwasm\hjwasm2.13.1s\hjwasm2.13.1s\x64\debug\safeseh.asm
d:\hjwasm\hjwasm2.13.1s\hjwasm2.13.1s\x64\debug\segment.obj
d:\hjwasm\hjwasm2.13.1s\hjwasm2.13.1s\x64\debug\segment.asm
d:\hjwasm\hjwasm2.13.1s\hjwasm2.13.1s\x64\debug\simsegm.obj
d:\hjwasm\hjwasm2.13.1s\hjwasm2.13.1s\x64\debug\simsegm.asm
d:\hjwasm\hjwasm2.13.1s\hjwasm2.13.1s\x64\debug\string.obj
d:\hjwasm\hjwasm2.13.1s\hjwasm2.13.1s\x64\debug\string.asm
d:\hjwasm\hjwasm2.13.1s\hjwasm2.13.1s\x64\debug\symbols.obj
d:\hjwasm\hjwasm2.13.1s\hjwasm2.13.1s\x64\debug\symbols.asm
d:\hjwasm\hjwasm2.13.1s\hjwasm2.13.1s\x64\debug\tbyte.obj
d:\hjwasm\hjwasm2.13.1s\hjwasm2.13.1s\x64\debug\tbyte.asm
d:\hjwasm\hjwasm2.13.1s\hjwasm2.13.1s\x64\debug\tokenize.obj
d:\hjwasm\hjwasm2.13.1s\hjwasm2.13.1s\x64\debug\tokenize.asm
d:\hjwasm\hjwasm2.13.1s\hjwasm2.13.1s\x64\debug\trmem.obj
d:\hjwasm\hjwasm2.13.1s\hjwasm2.13.1s\x64\debug\trmem.asm
d:\hjwasm\hjwasm2.13.1s\hjwasm2.13.1s\x64\debug\types.obj
d:\hjwasm\hjwasm2.13.1s\hjwasm2.13.1s\x64\debug\types.asm
d:\hjwasm\hjwasm2.13.1s\hjwasm2.13.1s\x64\debug\equate.obj
d:\hjwasm\hjwasm2.13.1s\hjwasm2.13.1s\x64\debug\equate.asm
d:\hjwasm\hjwasm2.13.1s\hjwasm2.13.1s\x64\debug\errmsg.obj
d:\hjwasm\hjwasm2.13.1s\hjwasm2.13.1s\x64\debug\errmsg.asm
d:\hjwasm\hjwasm2.13.1s\hjwasm2.13.1s\x64\debug\expans.obj
d:\hjwasm\hjwasm2.13.1s\hjwasm2.13.1s\x64\debug\expans.asm
d:\hjwasm\hjwasm2.13.1s\hjwasm2.13.1s\x64\debug\expreval.obj
d:\hjwasm\hjwasm2.13.1s\hjwasm2.13.1s\x64\debug\expreval.asm
d:\hjwasm\hjwasm2.13.1s\hjwasm2.13.1s\x64\debug\extern.obj
d:\hjwasm\hjwasm2.13.1s\hjwasm2.13.1s\x64\debug\extern.asm
d:\hjwasm\hjwasm2.13.1s\hjwasm2.13.1s\x64\debug\fastpass.obj
d:\hjwasm\hjwasm2.13.1s\hjwasm2.13.1s\x64\debug\fastpass.asm
d:\hjwasm\hjwasm2.13.1s\hjwasm2.13.1s\x64\debug\fixup.obj
d:\hjwasm\hjwasm2.13.1s\hjwasm2.13.1s\x64\debug\fixup.asm
d:\hjwasm\hjwasm2.13.1s\hjwasm2.13.1s\x64\debug\fpfixup.obj
d:\hjwasm\hjwasm2.13.1s\hjwasm2.13.1s\x64\debug\fpfixup.asm
d:\hjwasm\hjwasm2.13.1s\hjwasm2.13.1s\x64\debug\hll.obj
d:\hjwasm\hjwasm2.13.1s\hjwasm2.13.1s\x64\debug\hll.asm
d:\hjwasm\hjwasm2.13.1s\hjwasm2.13.1s\x64\debug\input.obj
d:\hjwasm\hjwasm2.13.1s\hjwasm2.13.1s\x64\debug\input.asm
d:\hjwasm\hjwasm2.13.1s\hjwasm2.13.1s\x64\debug\invoke.obj
d:\hjwasm\hjwasm2.13.1s\hjwasm2.13.1s\x64\debug\invoke.asm
d:\hjwasm\hjwasm2.13.1s\hjwasm2.13.1s\x64\debug\label.obj
d:\hjwasm\hjwasm2.13.1s\hjwasm2.13.1s\x64\debug\label.asm
d:\hjwasm\hjwasm2.13.1s\hjwasm2.13.1s\x64\debug\linnum.obj
d:\hjwasm\hjwasm2.13.1s\hjwasm2.13.1s\x64\debug\linnum.asm
d:\hjwasm\hjwasm2.13.1s\hjwasm2.13.1s\x64\debug\listing.obj
d:\hjwasm\hjwasm2.13.1s\hjwasm2.13.1s\x64\debug\listing.asm
d:\hjwasm\hjwasm2.13.1s\hjwasm2.13.1s\x64\debug\loop.obj
d:\hjwasm\hjwasm2.13.1s\hjwasm2.13.1s\x64\debug\loop.asm
d:\hjwasm\hjwasm2.13.1s\hjwasm2.13.1s\x64\debug\lqueue.obj
d:\hjwasm\hjwasm2.13.1s\hjwasm2.13.1s\x64\debug\lqueue.asm
d:\hjwasm\hjwasm2.13.1s\hjwasm2.13.1s\x64\debug\macro.obj
d:\hjwasm\hjwasm2.13.1s\hjwasm2.13.1s\x64\debug\macro.asm
d:\hjwasm\hjwasm2.13.1s\hjwasm2.13.1s\x64\debug\main.obj
d:\hjwasm\hjwasm2.13.1s\hjwasm2.13.1s\x64\debug\main.asm
d:\hjwasm\hjwasm2.13.1s\hjwasm2.13.1s\x64\debug\mangle.obj
d:\hjwasm\hjwasm2.13.1s\hjwasm2.13.1s\x64\debug\mangle.asm
d:\hjwasm\hjwasm2.13.1s\hjwasm2.13.1s\x64\debug\memalloc.obj
d:\hjwasm\hjwasm2.13.1s\hjwasm2.13.1s\x64\debug\memalloc.asm
d:\hjwasm\hjwasm2.13.1s\hjwasm2.13.1s\x64\debug\apiemu.obj
d:\hjwasm\hjwasm2.13.1s\hjwasm2.13.1s\x64\debug\apiemu.asm
d:\hjwasm\hjwasm2.13.1s\hjwasm2.13.1s\x64\debug\assemble.obj
d:\hjwasm\hjwasm2.13.1s\hjwasm2.13.1s\x64\debug\assemble.asm
d:\hjwasm\hjwasm2.13.1s\hjwasm2.13.1s\x64\debug\assume.obj
d:\hjwasm\hjwasm2.13.1s\hjwasm2.13.1s\x64\debug\assume.asm
d:\hjwasm\hjwasm2.13.1s\hjwasm2.13.1s\x64\debug\atofloat.obj
d:\hjwasm\hjwasm2.13.1s\hjwasm2.13.1s\x64\debug\atofloat.asm
d:\hjwasm\hjwasm2.13.1s\hjwasm2.13.1s\x64\debug\backptch.obj
d:\hjwasm\hjwasm2.13.1s\hjwasm2.13.1s\x64\debug\backptch.asm
d:\hjwasm\hjwasm2.13.1s\hjwasm2.13.1s\x64\debug\bin.obj
d:\hjwasm\hjwasm2.13.1s\hjwasm2.13.1s\x64\debug\bin.asm
d:\hjwasm\hjwasm2.13.1s\hjwasm2.13.1s\x64\debug\branch.obj
d:\hjwasm\hjwasm2.13.1s\hjwasm2.13.1s\x64\debug\branch.asm
d:\hjwasm\hjwasm2.13.1s\hjwasm2.13.1s\x64\debug\cmdline.obj
d:\hjwasm\hjwasm2.13.1s\hjwasm2.13.1s\x64\debug\cmdline.asm
d:\hjwasm\hjwasm2.13.1s\hjwasm2.13.1s\x64\debug\codegen.obj
d:\hjwasm\hjwasm2.13.1s\hjwasm2.13.1s\x64\debug\codegen.asm
d:\hjwasm\hjwasm2.13.1s\hjwasm2.13.1s\x64\debug\coff.obj
d:\hjwasm\hjwasm2.13.1s\hjwasm2.13.1s\x64\debug\coff.asm
d:\hjwasm\hjwasm2.13.1s\hjwasm2.13.1s\x64\debug\condasm.obj
d:\hjwasm\hjwasm2.13.1s\hjwasm2.13.1s\x64\debug\condasm.asm
d:\hjwasm\hjwasm2.13.1s\hjwasm2.13.1s\x64\debug\context.obj
d:\hjwasm\hjwasm2.13.1s\hjwasm2.13.1s\x64\debug\context.asm
d:\hjwasm\hjwasm2.13.1s\hjwasm2.13.1s\x64\debug\cpumodel.obj
d:\hjwasm\hjwasm2.13.1s\hjwasm2.13.1s\x64\debug\cpumodel.asm
d:\hjwasm\hjwasm2.13.1s\hjwasm2.13.1s\x64\debug\data.obj
d:\hjwasm\hjwasm2.13.1s\hjwasm2.13.1s\x64\debug\data.asm
d:\hjwasm\hjwasm2.13.1s\hjwasm2.13.1s\x64\debug\dbgcv.obj
d:\hjwasm\hjwasm2.13.1s\hjwasm2.13.1s\x64\debug\dbgcv.asm
d:\hjwasm\hjwasm2.13.1s\hjwasm2.13.1s\x64\debug\directiv.obj
d:\hjwasm\hjwasm2.13.1s\hjwasm2.13.1s\x64\debug\directiv.asm
d:\hjwasm\hjwasm2.13.1s\hjwasm2.13.1s\x64\debug\elf.obj
d:\hjwasm\hjwasm2.13.1s\hjwasm2.13.1s\x64\debug\elf.asm
d:\hjwasm\hjwasm2.13.1s\hjwasm2.13.1s\x64\debug\end.obj
d:\hjwasm\hjwasm2.13.1s\hjwasm2.13.1s\x64\debug\end.asm
d:\hjwasm\hjwasm2.13.1s\hjwasm2.13.1s\x64\debug\hjwasm.exe
d:\hjwasm\hjwasm2.13.1s\hjwasm2.13.1s\x64\debug\hjwasm.pdb
d:\hjwasm\hjwasm2.13.1s\hjwasm2.13.1s\x64\debug\hjwasm.tlog\cl.command.1.tlog
d:\hjwasm\hjwasm2.13.1s\hjwasm2.13.1s\x64\debug\hjwasm.tlog\cl.read.1.tlog
d:\hjwasm\hjwasm2.13.1s\hjwasm2.13.1s\x64\debug\hjwasm.tlog\cl.write.1.tlog
d:\hjwasm\hjwasm2.13.1s\hjwasm2.13.1s\x64\debug\hjwasm.tlog\link.command.1.tlog
d:\hjwasm\hjwasm2.13.1s\hjwasm2.13.1s\x64\debug\hjwasm.tlog\link.read.1.tlog
d:\hjwasm\hjwasm2.13.1s\hjwasm2.13.1s\x64\debug\hjwasm.tlog\link.write.1.tlog
