d:\xasm\string.inc(54) : Error A2224: Not supported with current output format: .endprolog
 d:\xasm\string.inc(54): Included by
  d:\xasm\app.inc(31): Included by
   d:\xasm\xasm.asm(2): Main line code
d:\xasm\string.inc(73) : Error A2224: Not supported with current output format: .allocstack
 d:\xasm\string.inc(73): Included by
  d:\xasm\app.inc(31): Included by
   d:\xasm\xasm.asm(2): Main line code
d:\xasm\string.inc(73) : Error A2224: Not supported with current output format: .endprolog
 d:\xasm\string.inc(73): Included by
  d:\xasm\app.inc(31): Included by
   d:\xasm\xasm.asm(2): Main line code
d:\xasm\string.inc(104) : Error A2224: Not supported with current output format: .endprolog
 d:\xasm\string.inc(104): Included by
  d:\xasm\app.inc(31): Included by
   d:\xasm\xasm.asm(2): Main line code
d:\xasm\string.inc(129) : Error A2224: Not supported with current output format: .savereg
 d:\xasm\string.inc(129): Included by
  d:\xasm\app.inc(31): Included by
   d:\xasm\xasm.asm(2): Main line code
d:\xasm\string.inc(129) : Error A2224: Not supported with current output format: .pushreg
 d:\xasm\string.inc(129): Included by
  d:\xasm\app.inc(31): Included by
   d:\xasm\xasm.asm(2): Main line code
d:\xasm\string.inc(129) : Error A2224: Not supported with current output format: .endprolog
 d:\xasm\string.inc(129): Included by
  d:\xasm\app.inc(31): Included by
   d:\xasm\xasm.asm(2): Main line code
d:\xasm\string.inc(185) : Error A2224: Not supported with current output format: .endprolog
 d:\xasm\string.inc(185): Included by
  d:\xasm\app.inc(31): Included by
   d:\xasm\xasm.asm(2): Main line code
d:\xasm\string.inc(241) : Error A2224: Not supported with current output format: .savereg
 d:\xasm\string.inc(241): Included by
  d:\xasm\app.inc(31): Included by
   d:\xasm\xasm.asm(2): Main line code
d:\xasm\string.inc(241) : Error A2224: Not supported with current output format: .savereg
 d:\xasm\string.inc(241): Included by
  d:\xasm\app.inc(31): Included by
   d:\xasm\xasm.asm(2): Main line code
d:\xasm\string.inc(241) : Error A2224: Not supported with current output format: .pushreg
 d:\xasm\string.inc(241): Included by
  d:\xasm\app.inc(31): Included by
   d:\xasm\xasm.asm(2): Main line code
d:\xasm\string.inc(241) : Error A2224: Not supported with current output format: .endprolog
 d:\xasm\string.inc(241): Included by
  d:\xasm\app.inc(31): Included by
   d:\xasm\xasm.asm(2): Main line code
d:\xasm\string.inc(275) : Error A2224: Not supported with current output format: .savereg
 d:\xasm\string.inc(275): Included by
  d:\xasm\app.inc(31): Included by
   d:\xasm\xasm.asm(2): Main line code
d:\xasm\string.inc(275) : Error A2224: Not supported with current output format: .pushreg
 d:\xasm\string.inc(275): Included by
  d:\xasm\app.inc(31): Included by
   d:\xasm\xasm.asm(2): Main line code
d:\xasm\string.inc(275) : Error A2224: Not supported with current output format: .endprolog
 d:\xasm\string.inc(275): Included by
  d:\xasm\app.inc(31): Included by
   d:\xasm\xasm.asm(2): Main line code
d:\xasm\string.inc(304) : Error A2224: Not supported with current output format: .savereg
 d:\xasm\string.inc(304): Included by
  d:\xasm\app.inc(31): Included by
   d:\xasm\xasm.asm(2): Main line code
d:\xasm\string.inc(304) : Error A2224: Not supported with current output format: .pushreg
 d:\xasm\string.inc(304): Included by
  d:\xasm\app.inc(31): Included by
   d:\xasm\xasm.asm(2): Main line code
d:\xasm\string.inc(304) : Error A2224: Not supported with current output format: .endprolog
 d:\xasm\string.inc(304): Included by
  d:\xasm\app.inc(31): Included by
   d:\xasm\xasm.asm(2): Main line code
d:\xasm\string.inc(323) : Error A2224: Not supported with current output format: .savereg
 d:\xasm\string.inc(323): Included by
  d:\xasm\app.inc(31): Included by
   d:\xasm\xasm.asm(2): Main line code
d:\xasm\string.inc(323) : Error A2224: Not supported with current output format: .pushreg
 d:\xasm\string.inc(323): Included by
  d:\xasm\app.inc(31): Included by
   d:\xasm\xasm.asm(2): Main line code
d:\xasm\string.inc(323) : Error A2224: Not supported with current output format: .endprolog
 d:\xasm\string.inc(323): Included by
  d:\xasm\app.inc(31): Included by
   d:\xasm\xasm.asm(2): Main line code
d:\xasm\string.inc(345) : Error A2224: Not supported with current output format: .endprolog
 d:\xasm\string.inc(345): Included by
  d:\xasm\app.inc(31): Included by
   d:\xasm\xasm.asm(2): Main line code
d:\xasm\string.inc(360) : Error A2224: Not supported with current output format: .endprolog
 d:\xasm\string.inc(360): Included by
  d:\xasm\app.inc(31): Included by
   d:\xasm\xasm.asm(2): Main line code
d:\xasm\string.inc(375) : Error A2224: Not supported with current output format: .endprolog
 d:\xasm\string.inc(375): Included by
  d:\xasm\app.inc(31): Included by
   d:\xasm\xasm.asm(2): Main line code
d:\xasm\string.inc(398) : Error A2224: Not supported with current output format: .endprolog
 d:\xasm\string.inc(398): Included by
  d:\xasm\app.inc(31): Included by
   d:\xasm\xasm.asm(2): Main line code
d:\xasm\platform_linux64.inc(12) : Error A2224: Not supported with current output format: .endprolog
 d:\xasm\platform_linux64.inc(12): Included by
  d:\xasm\app.inc(32): Included by
   d:\xasm\xasm.asm(2): Main line code
d:\xasm\platform_linux64.inc(16) : Error A2224: Not supported with current output format: .endprolog
 d:\xasm\platform_linux64.inc(16): Included by
  d:\xasm\app.inc(32): Included by
   d:\xasm\xasm.asm(2): Main line code
d:\xasm\app.inc(53) : Error A2224: Not supported with current output format: .endprolog
 d:\xasm\app.inc(53): Included by
  d:\xasm\xasm.asm(2): Main line code
d:\xasm\hashing.inc(25) : Error A2224: Not supported with current output format: .savereg
 d:\xasm\hashing.inc(25): Included by
  d:\xasm\xasm.asm(4): Main line code
d:\xasm\hashing.inc(25) : Error A2224: Not supported with current output format: .savereg
 d:\xasm\hashing.inc(25): Included by
  d:\xasm\xasm.asm(4): Main line code
d:\xasm\hashing.inc(25) : Error A2224: Not supported with current output format: .pushreg
 d:\xasm\hashing.inc(25): Included by
  d:\xasm\xasm.asm(4): Main line code
d:\xasm\hashing.inc(25) : Error A2224: Not supported with current output format: .endprolog
 d:\xasm\hashing.inc(25): Included by
  d:\xasm\xasm.asm(4): Main line code
d:\xasm\hashing.inc(45) : Error A2224: Not supported with current output format: .endprolog
 d:\xasm\hashing.inc(45): Included by
  d:\xasm\xasm.asm(4): Main line code
d:\xasm\hashing.inc(74) : Error A2224: Not supported with current output format: .endprolog
 d:\xasm\hashing.inc(74): Included by
  d:\xasm\xasm.asm(4): Main line code
d:\xasm\hashing.inc(87) : Error A2224: Not supported with current output format: .endprolog
 d:\xasm\hashing.inc(87): Included by
  d:\xasm\xasm.asm(4): Main line code
d:\xasm\hashing.inc(113) : Error A2224: Not supported with current output format: .pushreg
 d:\xasm\hashing.inc(113): Included by
  d:\xasm\xasm.asm(4): Main line code
d:\xasm\hashing.inc(113) : Error A2224: Not supported with current output format: .endprolog
 d:\xasm\hashing.inc(113): Included by
  d:\xasm\xasm.asm(4): Main line code
d:\xasm\hashing.inc(135) : Error A2224: Not supported with current output format: .savereg
 d:\xasm\hashing.inc(135): Included by
  d:\xasm\xasm.asm(4): Main line code
d:\xasm\hashing.inc(135) : Error A2224: Not supported with current output format: .savereg
 d:\xasm\hashing.inc(135): Included by
  d:\xasm\xasm.asm(4): Main line code
d:\xasm\hashing.inc(135) : Error A2224: Not supported with current output format: .endprolog
 d:\xasm\hashing.inc(135): Included by
  d:\xasm\xasm.asm(4): Main line code
d:\xasm\hashing.inc(180) : Error A2224: Not supported with current output format: .endprolog
 d:\xasm\hashing.inc(180): Included by
  d:\xasm\xasm.asm(4): Main line code
d:\xasm\messages.inc(57) : Error A2224: Not supported with current output format: .endprolog
 d:\xasm\messages.inc(57): Included by
  d:\xasm\xasm.asm(6): Main line code
d:\xasm\messages.inc(64) : Error A2224: Not supported with current output format: .endprolog
 d:\xasm\messages.inc(64): Included by
  d:\xasm\xasm.asm(6): Main line code
d:\xasm\xasm.asm(19) : Error A2224: Not supported with current output format: .endprolog
