..\src\plain_bin\avx512.asm(7) : Warning A4285: AVX requires 3 registers for this instruction, first register used twice
..\src\plain_bin\avx512.asm(28) : Error A2049: Invalid instruction operands
..\src\plain_bin\avx512.asm(29) : Error A2049: Invalid instruction operands
..\src\plain_bin\avx512.asm(95) : Error A2210: Syntax error: ,xmm16
..\src\plain_bin\avx512.asm(96) : Error A2210: Syntax error: ,[rax]
..\src\plain_bin\avx512.asm(381) : Error A2210: Syntax error: ,xmm3
..\src\plain_bin\avx512.asm(382) : Error A2210: Syntax error: ,xmm3
..\src\plain_bin\avx512.asm(385) : Error A2210: Syntax error: ,xmm3
..\src\plain_bin\avx512.asm(386) : Error A2210: Syntax error: ,xmm3
..\src\plain_bin\avx512.asm(389) : Error A2210: Syntax error: ,ymm3
..\src\plain_bin\avx512.asm(390) : Error A2210: Syntax error: ,ymm3
..\src\plain_bin\avx512.asm(391) : Error A2210: Syntax error: ,ymm3
..\src\plain_bin\avx512.asm(392) : Error A2210: Syntax error: ,ymm3
..\src\plain_bin\avx512.asm(393) : Error A2210: Syntax error: ,zmm3
..\src\plain_bin\avx512.asm(394) : Error A2210: Syntax error: ,zmm3
..\src\plain_bin\avx512.asm(395) : Error A2210: Syntax error: ,zmm3
..\src\plain_bin\avx512.asm(396) : Error A2210: Syntax error: ,zmm3
..\src\plain_bin\avx512.asm(397) : Error A2210: Syntax error: ,[rax]
..\src\plain_bin\avx512.asm(398) : Error A2210: Syntax error: ,[rax]
..\src\plain_bin\avx512.asm(401) : Error A2210: Syntax error: ,[rax]
..\src\plain_bin\avx512.asm(402) : Error A2210: Syntax error: ,[rax]
..\src\plain_bin\avx512.asm(405) : Error A2210: Syntax error: ,[rax]
..\src\plain_bin\avx512.asm(406) : Error A2210: Syntax error: ,[rax]
..\src\plain_bin\avx512.asm(407) : Error A2210: Syntax error: ,[rax]
..\src\plain_bin\avx512.asm(408) : Error A2210: Syntax error: ,[rax]
..\src\plain_bin\avx512.asm(409) : Error A2210: Syntax error: ,[rax]
..\src\plain_bin\avx512.asm(410) : Error A2210: Syntax error: ,[rax]
..\src\plain_bin\avx512.asm(411) : Error A2210: Syntax error: ,[rax]
..\src\plain_bin\avx512.asm(412) : Error A2210: Syntax error: ,[rax]
..\src\plain_bin\avx512.asm(414) : Error A2210: Syntax error: ,zmm28
..\src\plain_bin\avx512.asm(415) : Error A2210: Syntax error: ,zmm28
..\src\plain_bin\avx512.asm(416) : Error A2210: Syntax error: ,zmm28
..\src\plain_bin\avx512.asm(417) : Error A2049: Invalid instruction operands
..\src\plain_bin\avx512.asm(418) : Error A2210: Syntax error: ,zmmword ptr [rcx]
..\src\plain_bin\avx512.asm(419) : Error A2210: Syntax error: ,zmmword ptr [rax+r14*8+0x123]
..\src\plain_bin\avx512.asm(420) : Error A2210: Syntax error: ,qword ptr [rcx]{1to8}
..\src\plain_bin\avx512.asm(421) : Error A2210: Syntax error: ,zmmword ptr [rdx+0x1fc0]
..\src\plain_bin\avx512.asm(422) : Error A2210: Syntax error: ,zmmword ptr [rdx+0x2000]
..\src\plain_bin\avx512.asm(423) : Error A2210: Syntax error: ,zmmword ptr [rdx-0x2000]
..\src\plain_bin\avx512.asm(424) : Error A2210: Syntax error: ,zmmword ptr [rdx-0x2040]
..\src\plain_bin\avx512.asm(425) : Error A2210: Syntax error: ,qword ptr [rdx+0x3f8]{1to8}
..\src\plain_bin\avx512.asm(426) : Error A2210: Syntax error: ,qword ptr [rdx+0x400]{1to8}
..\src\plain_bin\avx512.asm(427) : Error A2210: Syntax error: ,qword ptr [rdx-0x400]{1to8}
..\src\plain_bin\avx512.asm(428) : Error A2210: Syntax error: ,qword ptr [rdx-0x408]{1to8}
..\src\plain_bin\avx512.asm(429) : Error A2210: Syntax error: ,zmm28
..\src\plain_bin\avx512.asm(430) : Error A2210: Syntax error: ,zmm28
..\src\plain_bin\avx512.asm(431) : Error A2210: Syntax error: ,zmm28
..\src\plain_bin\avx512.asm(432) : Error A2049: Invalid instruction operands
..\src\plain_bin\avx512.asm(433) : Error A2210: Syntax error: ,zmmword ptr [rcx]
..\src\plain_bin\avx512.asm(434) : Error A2210: Syntax error: ,zmmword ptr [rax+r14*8+0x123]
..\src\plain_bin\avx512.asm(435) : Error A2210: Syntax error: ,dword ptr [rcx]{1to16}
..\src\plain_bin\avx512.asm(436) : Error A2210: Syntax error: ,zmmword ptr [rdx+0x1fc0]
..\src\plain_bin\avx512.asm(436) : Fatal error A1113: Too many errors
