Build started 2016/01/26 10:01:04 PM.
     1>Project "D:\HJWasm\HJWasm2.13.1s\HJWasm2.13.1s\HJWasm.vcxproj" on node 2 (Rebuild target(s)).
     1>ClCompile:
         D:\vs2015\VC\bin\CL.exe /c /I.\\H /nologo /W2 /WX- /Ox /Oy- /D WIN32 /D NDEBUG /D _UNICODE /D UNICODE /MT /GS /fp:precise /Zc:wchar_t /Zc:forScope /Zc:inline /Fo"Release\\" /Fd"Release\vc140.pdb" /Gd /TC /analyze- /errorReport:prompt apiemu.c assemble.c assume.c atofloat.c backptch.c bin.c branch.c cmdline.c codegen.c coff.c condasm.c context.c cpumodel.c data.c dbgcv.c directiv.c elf.c end.c equate.c errmsg.c expans.c expreval.c extern.c fastpass.c fixup.c fpfixup.c hll.c input.c invoke.c label.c linnum.c listing.c loop.c lqueue.c macro.c main.c mangle.c memalloc.c msgtext.c omf.c omffixup.c omfint.c option.c parser.c posndir.c preproc.c proc.c queue.c reswords.c safeseh.c segment.c simsegm.c string.c symbols.c tbyte.c tokenize.c trmem.c types.c
         apiemu.c
         assemble.c
         assume.c
         atofloat.c
         backptch.c
         bin.c
     1>bin.c(229): warning C4146: unary minus operator applied to unsigned type, result still unsigned
         branch.c
         cmdline.c
         codegen.c
         coff.c
         condasm.c
         context.c
         cpumodel.c
         data.c
         dbgcv.c
         directiv.c
         elf.c
         end.c
         equate.c
         errmsg.c
         Generating Code...
         Compiling...
         expans.c
         expreval.c
     1>expreval.c(2424): warning C4146: unary minus operator applied to unsigned type, result still unsigned
     1>expreval.c(2430): warning C4146: unary minus operator applied to unsigned type, result still unsigned
         extern.c
         fastpass.c
         fixup.c
         fpfixup.c
         hll.c
         input.c
         invoke.c
         label.c
         linnum.c
         listing.c
         loop.c
         lqueue.c
         macro.c
         main.c
         mangle.c
         memalloc.c
         msgtext.c
         omf.c
         Generating Code...
         Compiling...
         omffixup.c
         omfint.c
         option.c
         parser.c
     1>parser.c(1644): warning C4047: '<=': 'char *' differs in levels of indirection from 'int'
         posndir.c
         preproc.c
         proc.c
     1>proc.c(2570): warning C4146: unary minus operator applied to unsigned type, result still unsigned
     1>proc.c(2716): warning C4146: unary minus operator applied to unsigned type, result still unsigned
         queue.c
         reswords.c
         safeseh.c
         segment.c
         simsegm.c
         string.c
         symbols.c
         tbyte.c
         tokenize.c
         trmem.c
         types.c
     1>types.c(442): warning C4146: unary minus operator applied to unsigned type, result still unsigned
     1>types.c(694): warning C4146: unary minus operator applied to unsigned type, result still unsigned
         Generating Code...
         D:\vs2015\VC\bin\CL.exe /c /I.\\H /nologo /W2 /WX- /Ox /Oy- /D WIN32 /D NDEBUG /D _UNICODE /D UNICODE /MT /GS /fp:precise /Zc:wchar_t /Zc:forScope /Zc:inline /Fp"Release\HJWasm.pch" /Fa"Release\\" /Fo"Release\\" /Fd"Release\vc140.pdb" /Gd /TC /analyze- /errorReport:prompt "C:\Users\John\AppData\Local\Temp\.NETFramework,Version=v4.5.2.AssemblyAttributes.cpp"
         .NETFramework,Version=v4.5.2.AssemblyAttributes.cpp
     1>C:\Users\John\AppData\Local\Temp\.NETFramework,Version=v4.5.2.AssemblyAttributes.cpp(1): error C2773: #import and #using available only in C++ compiler
     1>C:\Users\John\AppData\Local\Temp\.NETFramework,Version=v4.5.2.AssemblyAttributes.cpp(2): error C2059: syntax error: '['
     1>Done Building Project "D:\HJWasm\HJWasm2.13.1s\HJWasm2.13.1s\HJWasm.vcxproj" (Rebuild target(s)) -- FAILED.

Build FAILED.

Time Elapsed 00:00:05.38
