d:\hjwasm\hjwasm2.13.1s\hjwasm2.13.1s\win32\release\errmsg.obj
d:\hjwasm\hjwasm2.13.1s\hjwasm2.13.1s\win32\release\equate.obj
d:\hjwasm\hjwasm2.13.1s\hjwasm2.13.1s\win32\release\end.obj
d:\hjwasm\hjwasm2.13.1s\hjwasm2.13.1s\win32\release\elf.obj
d:\hjwasm\hjwasm2.13.1s\hjwasm2.13.1s\win32\release\directiv.obj
d:\hjwasm\hjwasm2.13.1s\hjwasm2.13.1s\win32\release\dbgcv.obj
d:\hjwasm\hjwasm2.13.1s\hjwasm2.13.1s\win32\release\data.obj
d:\hjwasm\hjwasm2.13.1s\hjwasm2.13.1s\win32\release\cpumodel.obj
d:\hjwasm\hjwasm2.13.1s\hjwasm2.13.1s\win32\release\context.obj
d:\hjwasm\hjwasm2.13.1s\hjwasm2.13.1s\win32\release\condasm.obj
d:\hjwasm\hjwasm2.13.1s\hjwasm2.13.1s\win32\release\coff.obj
d:\hjwasm\hjwasm2.13.1s\hjwasm2.13.1s\win32\release\codegen.obj
d:\hjwasm\hjwasm2.13.1s\hjwasm2.13.1s\win32\release\cmdline.obj
d:\hjwasm\hjwasm2.13.1s\hjwasm2.13.1s\win32\release\branch.obj
d:\hjwasm\hjwasm2.13.1s\hjwasm2.13.1s\win32\release\bin.obj
d:\hjwasm\hjwasm2.13.1s\hjwasm2.13.1s\win32\release\backptch.obj
d:\hjwasm\hjwasm2.13.1s\hjwasm2.13.1s\win32\release\atofloat.obj
d:\hjwasm\hjwasm2.13.1s\hjwasm2.13.1s\win32\release\assume.obj
d:\hjwasm\hjwasm2.13.1s\hjwasm2.13.1s\win32\release\assemble.obj
d:\hjwasm\hjwasm2.13.1s\hjwasm2.13.1s\win32\release\apiemu.obj
d:\hjwasm\hjwasm2.13.1s\hjwasm2.13.1s\win32\release\omf.obj
d:\hjwasm\hjwasm2.13.1s\hjwasm2.13.1s\win32\release\msgtext.obj
d:\hjwasm\hjwasm2.13.1s\hjwasm2.13.1s\win32\release\memalloc.obj
d:\hjwasm\hjwasm2.13.1s\hjwasm2.13.1s\win32\release\mangle.obj
d:\hjwasm\hjwasm2.13.1s\hjwasm2.13.1s\win32\release\main.obj
d:\hjwasm\hjwasm2.13.1s\hjwasm2.13.1s\win32\release\macro.obj
d:\hjwasm\hjwasm2.13.1s\hjwasm2.13.1s\win32\release\lqueue.obj
d:\hjwasm\hjwasm2.13.1s\hjwasm2.13.1s\win32\release\loop.obj
d:\hjwasm\hjwasm2.13.1s\hjwasm2.13.1s\win32\release\listing.obj
d:\hjwasm\hjwasm2.13.1s\hjwasm2.13.1s\win32\release\linnum.obj
d:\hjwasm\hjwasm2.13.1s\hjwasm2.13.1s\win32\release\label.obj
d:\hjwasm\hjwasm2.13.1s\hjwasm2.13.1s\win32\release\invoke.obj
d:\hjwasm\hjwasm2.13.1s\hjwasm2.13.1s\win32\release\input.obj
d:\hjwasm\hjwasm2.13.1s\hjwasm2.13.1s\win32\release\hll.obj
d:\hjwasm\hjwasm2.13.1s\hjwasm2.13.1s\win32\release\fpfixup.obj
d:\hjwasm\hjwasm2.13.1s\hjwasm2.13.1s\win32\release\fixup.obj
d:\hjwasm\hjwasm2.13.1s\hjwasm2.13.1s\win32\release\fastpass.obj
d:\hjwasm\hjwasm2.13.1s\hjwasm2.13.1s\win32\release\extern.obj
d:\hjwasm\hjwasm2.13.1s\hjwasm2.13.1s\win32\release\expreval.obj
d:\hjwasm\hjwasm2.13.1s\hjwasm2.13.1s\win32\release\expans.obj
d:\hjwasm\hjwasm2.13.1s\hjwasm2.13.1s\win32\release\types.obj
d:\hjwasm\hjwasm2.13.1s\hjwasm2.13.1s\win32\release\trmem.obj
d:\hjwasm\hjwasm2.13.1s\hjwasm2.13.1s\win32\release\tokenize.obj
d:\hjwasm\hjwasm2.13.1s\hjwasm2.13.1s\win32\release\tbyte.obj
d:\hjwasm\hjwasm2.13.1s\hjwasm2.13.1s\win32\release\symbols.obj
d:\hjwasm\hjwasm2.13.1s\hjwasm2.13.1s\win32\release\string.obj
d:\hjwasm\hjwasm2.13.1s\hjwasm2.13.1s\win32\release\simsegm.obj
d:\hjwasm\hjwasm2.13.1s\hjwasm2.13.1s\win32\release\segment.obj
d:\hjwasm\hjwasm2.13.1s\hjwasm2.13.1s\win32\release\safeseh.obj
d:\hjwasm\hjwasm2.13.1s\hjwasm2.13.1s\win32\release\reswords.obj
d:\hjwasm\hjwasm2.13.1s\hjwasm2.13.1s\win32\release\queue.obj
d:\hjwasm\hjwasm2.13.1s\hjwasm2.13.1s\win32\release\proc.obj
d:\hjwasm\hjwasm2.13.1s\hjwasm2.13.1s\win32\release\preproc.obj
d:\hjwasm\hjwasm2.13.1s\hjwasm2.13.1s\win32\release\posndir.obj
d:\hjwasm\hjwasm2.13.1s\hjwasm2.13.1s\win32\release\parser.obj
d:\hjwasm\hjwasm2.13.1s\hjwasm2.13.1s\win32\release\option.obj
d:\hjwasm\hjwasm2.13.1s\hjwasm2.13.1s\win32\release\omfint.obj
d:\hjwasm\hjwasm2.13.1s\hjwasm2.13.1s\win32\release\omffixup.obj
d:\hjwasm\hjwasm2.13.1s\hjwasm2.13.1s\win32\release\hjwasm.exe
d:\hjwasm\hjwasm2.13.1s\hjwasm2.13.1s\win32\release\hjwasm.tlog\cl.command.1.tlog
d:\hjwasm\hjwasm2.13.1s\hjwasm2.13.1s\win32\release\hjwasm.tlog\cl.read.1.tlog
d:\hjwasm\hjwasm2.13.1s\hjwasm2.13.1s\win32\release\hjwasm.tlog\cl.write.1.tlog
d:\hjwasm\hjwasm2.13.1s\hjwasm2.13.1s\win32\release\hjwasm.tlog\link.command.1.tlog
d:\hjwasm\hjwasm2.13.1s\hjwasm2.13.1s\win32\release\hjwasm.tlog\link.read.1.tlog
d:\hjwasm\hjwasm2.13.1s\hjwasm2.13.1s\win32\release\hjwasm.tlog\link.write.1.tlog
